<html>
<head>
<title>TestNG:  搜索诺基亚、投诉、下订单、精品推荐区</title>
<link href="../testng.css" rel="stylesheet" type="text/css" />
<link href="../my-testng.css" rel="stylesheet" type="text/css" />

<style type="text/css">
.log { display: none;} 
.stack-trace { display: none;} 
</style>
<script type="text/javascript">
<!--
function flip(e) {
  current = e.style.display;
  if (current == 'block') {
    e.style.display = 'none';
    return 0;
  }
  else {
    e.style.display = 'block';
    return 1;
  }
}

function toggleBox(szDivId, elem, msg1, msg2)
{
  var res = -1;  if (document.getElementById) {
    res = flip(document.getElementById(szDivId));
  }
  else if (document.all) {
    // this is the way old msie versions work
    res = flip(document.all[szDivId]);
  }
  if(elem) {
    if(res == 0) elem.innerHTML = msg1; else elem.innerHTML = msg2;
  }

}

function toggleAllBoxes() {
  if (document.getElementsByTagName) {
    d = document.getElementsByTagName('div');
    for (i = 0; i < d.length; i++) {
      if (d[i].className == 'log') {
        flip(d[i]);
      }
    }
  }
}

// -->
</script>

</head>
<body>
<h2 align='center'>搜索诺基亚、投诉、下订单、精品推荐区</h2><table border='1' align="center">
<tr>
<td>Tests passed/Failed/Skipped:</td><td>9/5/0</td>
</tr><tr>
<td>Started on:</td><td>Sun Mar 04 14:22:21 GMT+08:00 2018</td>
</tr>
<tr><td>Total time:</td><td>156 seconds (156428 ms)</td>
</tr><tr>
<td>Included groups:</td><td></td>
</tr><tr>
<td>Excluded groups:</td><td></td>
</tr>
</table><p/>
<small><i>(Hover the method name to see the test class name)</i></small><p/>
<table width='100%' border='1' class='invocation-failed'>
<tr><td colspan='4' align='center'><b>FAILED TESTS</b></td></tr>
<tr><td><b>Test method</b></td>
<td width="30%"><b>Exception</b></td>
<td width="10%"><b>Time (seconds)</b></td>
<td><b>Instance</b></td>
</tr>
<tr>
<td title='cases.Case1.Sousuo()'><b>Sousuo</b><br>Test class: cases.Case1<br>Parameters: {手机类型=3, 手机品牌=联想, BaseUrl=http://www.huicewang.com, HomeUrl=/ecshop}<br/>
<a href="#Output-22695162" onClick='toggleBox("Output-22695162", this, "Show output", "Hide output");'>Show output</a>

<a href="#Output-22695162" onClick="toggleAllBoxes();">Show all outputs</a>
<div class='log' id="Output-22695162">
Case1：未搜索到产品：联想<br/>
</div>
</td>
<td><div><pre>java.lang.AssertionError: expected [0] but found [1]
	at base.CheckPoint.result(CheckPoint.java:33)
	at cases.Case1.Sousuo(Case1.java:74)
	at java.util.concurrent.FutureTask.run(Unknown Source)
	at java.util.concurrent.ThreadPoolExecutor.runWorker(Unknown Source)
	at java.util.concurrent.ThreadPoolExecutor$Worker.run(Unknown Source)
	at java.lang.Thread.run(Unknown Source)
... Removed 21 stack frames</pre></div><a href='#' onClick='toggleBox("stack-trace22695162", this, "Click to show all stack frames", "Click to hide stack frames")'>Click to show all stack frames</a>
<div class='stack-trace' id='stack-trace22695162'><pre>java.lang.AssertionError: expected [0] but found [1]
	at org.testng.Assert.fail(Assert.java:94)
	at org.testng.Assert.failNotEquals(Assert.java:494)
	at org.testng.Assert.assertEquals(Assert.java:123)
	at org.testng.Assert.assertEquals(Assert.java:370)
	at org.testng.Assert.assertEquals(Assert.java:380)
	at base.CheckPoint.result(CheckPoint.java:33)
	at cases.Case1.Sousuo(Case1.java:74)
	at sun.reflect.NativeMethodAccessorImpl.invoke0(Native Method)
	at sun.reflect.NativeMethodAccessorImpl.invoke(Unknown Source)
	at sun.reflect.DelegatingMethodAccessorImpl.invoke(Unknown Source)
	at java.lang.reflect.Method.invoke(Unknown Source)
	at org.testng.internal.MethodInvocationHelper.invokeMethod(MethodInvocationHelper.java:84)
	at org.testng.internal.Invoker.invokeMethod(Invoker.java:714)
	at org.testng.internal.Invoker.invokeTestMethod(Invoker.java:901)
	at org.testng.internal.Invoker.invokeTestMethods(Invoker.java:1231)
	at org.testng.internal.TestMethodWorker.invokeTestMethods(TestMethodWorker.java:127)
	at org.testng.internal.TestMethodWorker.run(TestMethodWorker.java:111)
	at org.testng.TestRunner.privateRun(TestRunner.java:767)
	at org.testng.TestRunner.run(TestRunner.java:617)
	at org.testng.SuiteRunner.runTest(SuiteRunner.java:334)
	at org.testng.SuiteRunner.access$000(SuiteRunner.java:37)
	at org.testng.SuiteRunner$SuiteWorker.run(SuiteRunner.java:368)
	at org.testng.internal.thread.ThreadUtil$2.call(ThreadUtil.java:64)
	at java.util.concurrent.FutureTask.run(Unknown Source)
	at java.util.concurrent.ThreadPoolExecutor.runWorker(Unknown Source)
	at java.util.concurrent.ThreadPoolExecutor$Worker.run(Unknown Source)
	at java.lang.Thread.run(Unknown Source)
</pre></div></td>
<td>1</td>
<td>cases.Case1@b1cc93</td></tr>
<tr>
<td title='cases.Case1.Sousuo()'><b>Sousuo</b><br>Test class: cases.Case1<br>Parameters: {手机类型=3, 手机品牌=联想, BaseUrl=http://www.huicewang.com, HomeUrl=/ecshop}<br/>
<a href="#Output-27670522" onClick='toggleBox("Output-27670522", this, "Show output", "Hide output");'>Show output</a>

<a href="#Output-27670522" onClick="toggleAllBoxes();">Show all outputs</a>
<div class='log' id="Output-27670522">
Case1：未搜索到产品：联想<br/>
</div>
</td>
<td><div><pre>java.lang.AssertionError: expected [0] but found [2]
	at base.CheckPoint.result(CheckPoint.java:33)
	at cases.Case1.Sousuo(Case1.java:74)
	at java.util.concurrent.FutureTask.run(Unknown Source)
	at java.util.concurrent.ThreadPoolExecutor.runWorker(Unknown Source)
	at java.util.concurrent.ThreadPoolExecutor$Worker.run(Unknown Source)
	at java.lang.Thread.run(Unknown Source)
... Removed 21 stack frames</pre></div><a href='#' onClick='toggleBox("stack-trace27670522", this, "Click to show all stack frames", "Click to hide stack frames")'>Click to show all stack frames</a>
<div class='stack-trace' id='stack-trace27670522'><pre>java.lang.AssertionError: expected [0] but found [2]
	at org.testng.Assert.fail(Assert.java:94)
	at org.testng.Assert.failNotEquals(Assert.java:494)
	at org.testng.Assert.assertEquals(Assert.java:123)
	at org.testng.Assert.assertEquals(Assert.java:370)
	at org.testng.Assert.assertEquals(Assert.java:380)
	at base.CheckPoint.result(CheckPoint.java:33)
	at cases.Case1.Sousuo(Case1.java:74)
	at sun.reflect.NativeMethodAccessorImpl.invoke0(Native Method)
	at sun.reflect.NativeMethodAccessorImpl.invoke(Unknown Source)
	at sun.reflect.DelegatingMethodAccessorImpl.invoke(Unknown Source)
	at java.lang.reflect.Method.invoke(Unknown Source)
	at org.testng.internal.MethodInvocationHelper.invokeMethod(MethodInvocationHelper.java:84)
	at org.testng.internal.Invoker.invokeMethod(Invoker.java:714)
	at org.testng.internal.Invoker.retryFailed(Invoker.java:1049)
	at org.testng.internal.Invoker.invokeTestMethods(Invoker.java:1254)
	at org.testng.internal.TestMethodWorker.invokeTestMethods(TestMethodWorker.java:127)
	at org.testng.internal.TestMethodWorker.run(TestMethodWorker.java:111)
	at org.testng.TestRunner.privateRun(TestRunner.java:767)
	at org.testng.TestRunner.run(TestRunner.java:617)
	at org.testng.SuiteRunner.runTest(SuiteRunner.java:334)
	at org.testng.SuiteRunner.access$000(SuiteRunner.java:37)
	at org.testng.SuiteRunner$SuiteWorker.run(SuiteRunner.java:368)
	at org.testng.internal.thread.ThreadUtil$2.call(ThreadUtil.java:64)
	at java.util.concurrent.FutureTask.run(Unknown Source)
	at java.util.concurrent.ThreadPoolExecutor.runWorker(Unknown Source)
	at java.util.concurrent.ThreadPoolExecutor$Worker.run(Unknown Source)
	at java.lang.Thread.run(Unknown Source)
</pre></div></td>
<td>1</td>
<td>cases.Case1@b1cc93</td></tr>
<tr>
<td title='cases.Case1.Sousuo()'><b>Sousuo</b><br>Test class: cases.Case1<br>Parameters: {手机类型=3, 手机品牌=联想, BaseUrl=http://www.huicewang.com, HomeUrl=/ecshop}<br/>
<a href="#Output-29568982" onClick='toggleBox("Output-29568982", this, "Show output", "Hide output");'>Show output</a>

<a href="#Output-29568982" onClick="toggleAllBoxes();">Show all outputs</a>
<div class='log' id="Output-29568982">
Case1：未搜索到产品：联想<br/>
</div>
</td>
<td><div><pre>java.lang.AssertionError: expected [0] but found [3]
	at base.CheckPoint.result(CheckPoint.java:33)
	at cases.Case1.Sousuo(Case1.java:74)
	at java.util.concurrent.FutureTask.run(Unknown Source)
	at java.util.concurrent.ThreadPoolExecutor.runWorker(Unknown Source)
	at java.util.concurrent.ThreadPoolExecutor$Worker.run(Unknown Source)
	at java.lang.Thread.run(Unknown Source)
... Removed 21 stack frames</pre></div><a href='#' onClick='toggleBox("stack-trace29568982", this, "Click to show all stack frames", "Click to hide stack frames")'>Click to show all stack frames</a>
<div class='stack-trace' id='stack-trace29568982'><pre>java.lang.AssertionError: expected [0] but found [3]
	at org.testng.Assert.fail(Assert.java:94)
	at org.testng.Assert.failNotEquals(Assert.java:494)
	at org.testng.Assert.assertEquals(Assert.java:123)
	at org.testng.Assert.assertEquals(Assert.java:370)
	at org.testng.Assert.assertEquals(Assert.java:380)
	at base.CheckPoint.result(CheckPoint.java:33)
	at cases.Case1.Sousuo(Case1.java:74)
	at sun.reflect.NativeMethodAccessorImpl.invoke0(Native Method)
	at sun.reflect.NativeMethodAccessorImpl.invoke(Unknown Source)
	at sun.reflect.DelegatingMethodAccessorImpl.invoke(Unknown Source)
	at java.lang.reflect.Method.invoke(Unknown Source)
	at org.testng.internal.MethodInvocationHelper.invokeMethod(MethodInvocationHelper.java:84)
	at org.testng.internal.Invoker.invokeMethod(Invoker.java:714)
	at org.testng.internal.Invoker.retryFailed(Invoker.java:1049)
	at org.testng.internal.Invoker.invokeTestMethods(Invoker.java:1254)
	at org.testng.internal.TestMethodWorker.invokeTestMethods(TestMethodWorker.java:127)
	at org.testng.internal.TestMethodWorker.run(TestMethodWorker.java:111)
	at org.testng.TestRunner.privateRun(TestRunner.java:767)
	at org.testng.TestRunner.run(TestRunner.java:617)
	at org.testng.SuiteRunner.runTest(SuiteRunner.java:334)
	at org.testng.SuiteRunner.access$000(SuiteRunner.java:37)
	at org.testng.SuiteRunner$SuiteWorker.run(SuiteRunner.java:368)
	at org.testng.internal.thread.ThreadUtil$2.call(ThreadUtil.java:64)
	at java.util.concurrent.FutureTask.run(Unknown Source)
	at java.util.concurrent.ThreadPoolExecutor.runWorker(Unknown Source)
	at java.util.concurrent.ThreadPoolExecutor$Worker.run(Unknown Source)
	at java.lang.Thread.run(Unknown Source)
</pre></div></td>
<td>1</td>
<td>cases.Case1@b1cc93</td></tr>
<tr>
<td title='cases.Case1.Sousuo()'><b>Sousuo</b><br>Test class: cases.Case1<br>Parameters: {手机类型=3, 手机品牌=联想, BaseUrl=http://www.huicewang.com, HomeUrl=/ecshop}<br/>
<a href="#Output-9856215" onClick='toggleBox("Output-9856215", this, "Show output", "Hide output");'>Show output</a>

<a href="#Output-9856215" onClick="toggleAllBoxes();">Show all outputs</a>
<div class='log' id="Output-9856215">
Case1：未搜索到产品：联想<br/>
</div>
</td>
<td><div><pre>java.lang.AssertionError: expected [0] but found [4]
	at base.CheckPoint.result(CheckPoint.java:33)
	at cases.Case1.Sousuo(Case1.java:74)
	at java.util.concurrent.FutureTask.run(Unknown Source)
	at java.util.concurrent.ThreadPoolExecutor.runWorker(Unknown Source)
	at java.util.concurrent.ThreadPoolExecutor$Worker.run(Unknown Source)
	at java.lang.Thread.run(Unknown Source)
... Removed 21 stack frames</pre></div><a href='#' onClick='toggleBox("stack-trace9856215", this, "Click to show all stack frames", "Click to hide stack frames")'>Click to show all stack frames</a>
<div class='stack-trace' id='stack-trace9856215'><pre>java.lang.AssertionError: expected [0] but found [4]
	at org.testng.Assert.fail(Assert.java:94)
	at org.testng.Assert.failNotEquals(Assert.java:494)
	at org.testng.Assert.assertEquals(Assert.java:123)
	at org.testng.Assert.assertEquals(Assert.java:370)
	at org.testng.Assert.assertEquals(Assert.java:380)
	at base.CheckPoint.result(CheckPoint.java:33)
	at cases.Case1.Sousuo(Case1.java:74)
	at sun.reflect.NativeMethodAccessorImpl.invoke0(Native Method)
	at sun.reflect.NativeMethodAccessorImpl.invoke(Unknown Source)
	at sun.reflect.DelegatingMethodAccessorImpl.invoke(Unknown Source)
	at java.lang.reflect.Method.invoke(Unknown Source)
	at org.testng.internal.MethodInvocationHelper.invokeMethod(MethodInvocationHelper.java:84)
	at org.testng.internal.Invoker.invokeMethod(Invoker.java:714)
	at org.testng.internal.Invoker.retryFailed(Invoker.java:1049)
	at org.testng.internal.Invoker.invokeTestMethods(Invoker.java:1254)
	at org.testng.internal.TestMethodWorker.invokeTestMethods(TestMethodWorker.java:127)
	at org.testng.internal.TestMethodWorker.run(TestMethodWorker.java:111)
	at org.testng.TestRunner.privateRun(TestRunner.java:767)
	at org.testng.TestRunner.run(TestRunner.java:617)
	at org.testng.SuiteRunner.runTest(SuiteRunner.java:334)
	at org.testng.SuiteRunner.access$000(SuiteRunner.java:37)
	at org.testng.SuiteRunner$SuiteWorker.run(SuiteRunner.java:368)
	at org.testng.internal.thread.ThreadUtil$2.call(ThreadUtil.java:64)
	at java.util.concurrent.FutureTask.run(Unknown Source)
	at java.util.concurrent.ThreadPoolExecutor.runWorker(Unknown Source)
	at java.util.concurrent.ThreadPoolExecutor$Worker.run(Unknown Source)
	at java.lang.Thread.run(Unknown Source)
</pre></div></td>
<td>1</td>
<td>cases.Case1@b1cc93</td></tr>
<tr>
<td title='cases.Case1.Sousuo()'><b>Sousuo</b><br>Test class: cases.Case1<br>Parameters: {手机类型=0, 手机品牌=锤子, BaseUrl=http://www.huicewang.com, HomeUrl=/ecshop}<br/>
<a href="#Output-286680" onClick='toggleBox("Output-286680", this, "Show output", "Hide output");'>Show output</a>

<a href="#Output-286680" onClick="toggleAllBoxes();">Show all outputs</a>
<div class='log' id="Output-286680">
Case1：未搜索到产品：锤子<br/>
</div>
</td>
<td><div><pre>java.lang.AssertionError: expected [0] but found [1]
	at base.CheckPoint.result(CheckPoint.java:33)
	at cases.Case1.Sousuo(Case1.java:74)
	at java.util.concurrent.FutureTask.run(Unknown Source)
	at java.util.concurrent.ThreadPoolExecutor.runWorker(Unknown Source)
	at java.util.concurrent.ThreadPoolExecutor$Worker.run(Unknown Source)
	at java.lang.Thread.run(Unknown Source)
... Removed 21 stack frames</pre></div><a href='#' onClick='toggleBox("stack-trace286680", this, "Click to show all stack frames", "Click to hide stack frames")'>Click to show all stack frames</a>
<div class='stack-trace' id='stack-trace286680'><pre>java.lang.AssertionError: expected [0] but found [1]
	at org.testng.Assert.fail(Assert.java:94)
	at org.testng.Assert.failNotEquals(Assert.java:494)
	at org.testng.Assert.assertEquals(Assert.java:123)
	at org.testng.Assert.assertEquals(Assert.java:370)
	at org.testng.Assert.assertEquals(Assert.java:380)
	at base.CheckPoint.result(CheckPoint.java:33)
	at cases.Case1.Sousuo(Case1.java:74)
	at sun.reflect.NativeMethodAccessorImpl.invoke0(Native Method)
	at sun.reflect.NativeMethodAccessorImpl.invoke(Unknown Source)
	at sun.reflect.DelegatingMethodAccessorImpl.invoke(Unknown Source)
	at java.lang.reflect.Method.invoke(Unknown Source)
	at org.testng.internal.MethodInvocationHelper.invokeMethod(MethodInvocationHelper.java:84)
	at org.testng.internal.Invoker.invokeMethod(Invoker.java:714)
	at org.testng.internal.Invoker.invokeTestMethod(Invoker.java:901)
	at org.testng.internal.Invoker.invokeTestMethods(Invoker.java:1231)
	at org.testng.internal.TestMethodWorker.invokeTestMethods(TestMethodWorker.java:127)
	at org.testng.internal.TestMethodWorker.run(TestMethodWorker.java:111)
	at org.testng.TestRunner.privateRun(TestRunner.java:767)
	at org.testng.TestRunner.run(TestRunner.java:617)
	at org.testng.SuiteRunner.runTest(SuiteRunner.java:334)
	at org.testng.SuiteRunner.access$000(SuiteRunner.java:37)
	at org.testng.SuiteRunner$SuiteWorker.run(SuiteRunner.java:368)
	at org.testng.internal.thread.ThreadUtil$2.call(ThreadUtil.java:64)
	at java.util.concurrent.FutureTask.run(Unknown Source)
	at java.util.concurrent.ThreadPoolExecutor.runWorker(Unknown Source)
	at java.util.concurrent.ThreadPoolExecutor$Worker.run(Unknown Source)
	at java.lang.Thread.run(Unknown Source)
</pre></div></td>
<td>1</td>
<td>cases.Case1@b1cc93</td></tr>
</table><p>
<table width='100%' border='1' class='invocation-passed'>
<tr><td colspan='4' align='center'><b>PASSED TESTS</b></td></tr>
<tr><td><b>Test method</b></td>
<td width="30%"><b>Exception</b></td>
<td width="10%"><b>Time (seconds)</b></td>
<td><b>Instance</b></td>
</tr>
<tr>
<td title='cases.Case1.Sousuo()'><b>Sousuo</b><br>Test class: cases.Case1<br>Parameters: {手机类型=0, 手机品牌=飞利浦, BaseUrl=http://www.huicewang.com, HomeUrl=/ecshop}<br/>
<a href="#Output-21508888" onClick='toggleBox("Output-21508888", this, "Show output", "Hide output");'>Show output</a>

<a href="#Output-21508888" onClick="toggleAllBoxes();">Show all outputs</a>
<div class='log' id="Output-21508888">
Case1：搜索到产品：飞利浦<br/>
</div>
</td>
<td></td>
<td>2</td>
<td>cases.Case1@b1cc93</td></tr>
<tr>
<td title='cases.Case1.Sousuo()'><b>Sousuo</b><br>Test class: cases.Case1<br>Parameters: {手机类型=3, 手机品牌=三星, BaseUrl=http://www.huicewang.com, HomeUrl=/ecshop}<br/>
<a href="#Output-17333722" onClick='toggleBox("Output-17333722", this, "Show output", "Hide output");'>Show output</a>

<a href="#Output-17333722" onClick="toggleAllBoxes();">Show all outputs</a>
<div class='log' id="Output-17333722">
Case1：搜索到产品：三星<br/>
</div>
</td>
<td></td>
<td>1</td>
<td>cases.Case1@b1cc93</td></tr>
<tr>
<td title='cases.Case1.Sousuo()'><b>Sousuo</b><br>Test class: cases.Case1<br>Parameters: {手机类型=3, 手机品牌=诺基亚, BaseUrl=http://www.huicewang.com, HomeUrl=/ecshop}<br/>
<a href="#Output-22666995" onClick='toggleBox("Output-22666995", this, "Show output", "Hide output");'>Show output</a>

<a href="#Output-22666995" onClick="toggleAllBoxes();">Show all outputs</a>
<div class='log' id="Output-22666995">
Case1：搜索到产品：诺基亚<br/>
</div>
</td>
<td></td>
<td>1</td>
<td>cases.Case1@b1cc93</td></tr>
<tr>
<td title='cases.Case2.case02()'><b>case02</b><br>Test class: cases.Case2<br>Parameters: {邮箱=123@163.com, 标题=我要投诉, 留言内容=上午上课桌面老是断，请速解决！, 首页=http://www.huicewang.com/ecshop/, 主页地址=http://www.huicewang.com/ecshop/}<br/>
<a href="#Output-22550547" onClick='toggleBox("Output-22550547", this, "Show output", "Hide output");'>Show output</a>

<a href="#Output-22550547" onClick="toggleAllBoxes();">Show all outputs</a>
<div class='log' id="Output-22550547">
Case2：发表留言功能正常<br/>
</div>
</td>
<td></td>
<td>34</td>
<td>cases.Case2@ec4505</td></tr>
<tr>
<td title='cases.Case2.case02()'><b>case02</b><br>Test class: cases.Case2<br>Parameters: {邮箱=111111@qq.com, 标题=我要投诉888888, 留言内容=老师太帅了，请速解决！, 首页=http://www.huicewang.com/ecshop/, 主页地址=http://www.huicewang.com/ecshop/}<br/>
<a href="#Output-6270786" onClick='toggleBox("Output-6270786", this, "Show output", "Hide output");'>Show output</a>

<a href="#Output-6270786" onClick="toggleAllBoxes();">Show all outputs</a>
<div class='log' id="Output-6270786">
Case2：发表留言功能正常<br/>
</div>
</td>
<td></td>
<td>32</td>
<td>cases.Case2@ec4505</td></tr>
<tr>
<td title='cases.Case3.case03()'><b>case03</b><br>Test class: cases.Case3<br>Parameters: {用户名=bulanni, 密码=123456, 手机类型=3, 手机品牌=三星, 首页=http://www.huicewang.com/ecshop/, 主页地址=http://www.huicewang.com/ecshop/}<br/>
<a href="#Output-14693153" onClick='toggleBox("Output-14693153", this, "Show output", "Hide output");'>Show output</a>

<a href="#Output-14693153" onClick="toggleAllBoxes();">Show all outputs</a>
<div class='log' id="Output-14693153">
Case3：下单成功，用户中心已生成订单号:2018030493449<br/>
</div>
</td>
<td></td>
<td>11</td>
<td>cases.Case3@1507a04</td></tr>
<tr>
<td title='cases.Case4.case04()'><b>case04</b><br>Test class: cases.Case4<br>Parameters: {用户名=shan2016, 密码=shan1111, 手机类型=3, 手机品牌=三星, 首页=http://www.huicewang.com/ecshop/, 主页地址=http://www.huicewang.com/ecshop/}<br/>
<a href="#Output-13122351" onClick='toggleBox("Output-13122351", this, "Show output", "Hide output");'>Show output</a>

<a href="#Output-13122351" onClick="toggleAllBoxes();">Show all outputs</a>
<div class='log' id="Output-13122351">
Case4：首页精品推荐区域的所有产品价格正常！<br/>
</div>
</td>
<td></td>
<td>14</td>
<td>cases.Case4@646153</td></tr>
<tr>
<td title='cases.Case6.case06()'><b>case06</b><br>Test class: cases.Case6<br/>
<a href="#Output-31573297" onClick='toggleBox("Output-31573297", this, "Show output", "Hide output");'>Show output</a>

<a href="#Output-31573297" onClick="toggleAllBoxes();">Show all outputs</a>
<div class='log' id="Output-31573297">
Case6：首页精品推荐区域的所有产品图片链接正常<br/>
</div>
</td>
<td></td>
<td>9</td>
<td>cases.Case6@13b5d16</td></tr>
<tr>
<td title='cases.Case5.case5()'><b>case5</b><br>Test class: cases.Case5<br>Parameters: {用户名=bulanni, 密码=123456, 登录地址=http://www.huicewang.com/ecshop/user.php, 主页地址=http://www.huicewang.com/ecshop/}<br/>
<a href="#Output-28287810" onClick='toggleBox("Output-28287810", this, "Show output", "Hide output");'>Show output</a>

<a href="#Output-28287810" onClick="toggleAllBoxes();">Show all outputs</a>
<div class='log' id="Output-28287810">
Case5：登录功能正常<br/>
</div>
</td>
<td></td>
<td>7</td>
<td>cases.Case5@1938003</td></tr>
</table><p>
</body>
</html>